0 info it worked if it ends with ok
1 verbose cli [ 'C:\\Program Files\\nodejs\\node.exe',
1 verbose cli   'C:\\Program Files\\nodejs\\node_modules\\npm\\bin\\npm-cli.js',
1 verbose cli   'run',
1 verbose cli   'dev' ]
2 info using npm@3.10.10
3 info using node@v6.10.1
4 verbose run-script [ 'predev', 'dev', 'postdev' ]
5 info lifecycle itcast@1.0.0~predev: itcast@1.0.0
6 silly lifecycle itcast@1.0.0~predev: no script for predev, continuing
7 info lifecycle itcast@1.0.0~dev: itcast@1.0.0
8 verbose lifecycle itcast@1.0.0~dev: unsafe-perm in lifecycle true
9 verbose lifecycle itcast@1.0.0~dev: PATH: C:\Program Files\nodejs\node_modules\npm\bin\node-gyp-bin;G:\我的\笔记\流行框架\Vue\day05\itcast\node_modules\.bin;C:\Program Files (x86)\Intel\iCLS Client\;C:\Program Files\Intel\iCLS Client\;C:\windows\system32;C:\windows;C:\windows\System32\Wbem;C:\windows\System32\WindowsPowerShell\v1.0\;C:\Program Files (x86)\NVIDIA Corporation\PhysX\Common;C:\Program Files (x86)\Intel\Intel(R) Management Engine Components\DAL;C:\Program Files\Intel\Intel(R) Management Engine Components\DAL;C:\Program Files (x86)\Intel\Intel(R) Management Engine Components\IPT;C:\Program Files\Intel\Intel(R) Management Engine Components\IPT;C:\Program Files\Samsung\SamsungLink\AllShare Framework DMS\bin\;C:\WINDOWS\system32;C:\WINDOWS;C:\WINDOWS\System32\Wbem;C:\WINDOWS\System32\WindowsPowerShell\v1.0\;F:\李多多的软件\Git\cmd;C:\Program Files\nodejs\;C:\Users\Ben\AppData\Local\Microsoft\WindowsApps;C:\Users\Ben\AppData\Roaming\npm
10 verbose lifecycle itcast@1.0.0~dev: CWD: G:\我的\笔记\流行框架\Vue\day05\itcast
11 silly lifecycle itcast@1.0.0~dev: Args: [ '/d /s /c',
11 silly lifecycle   'webpack-dev-server --inline --hot --open --port 5008' ]
12 silly lifecycle itcast@1.0.0~dev: Returned: code: 3221225786  signal: null
13 info lifecycle itcast@1.0.0~dev: Failed to exec dev script
14 verbose stack Error: itcast@1.0.0 dev: `webpack-dev-server --inline --hot --open --port 5008`
14 verbose stack Exit status 3221225786
14 verbose stack     at EventEmitter.<anonymous> (C:\Program Files\nodejs\node_modules\npm\lib\utils\lifecycle.js:255:16)
14 verbose stack     at emitTwo (events.js:106:13)
14 verbose stack     at EventEmitter.emit (events.js:191:7)
14 verbose stack     at ChildProcess.<anonymous> (C:\Program Files\nodejs\node_modules\npm\lib\utils\spawn.js:40:14)
14 verbose stack     at emitTwo (events.js:106:13)
14 verbose stack     at ChildProcess.emit (events.js:191:7)
14 verbose stack     at maybeClose (internal/child_process.js:886:16)
14 verbose stack     at Process.ChildProcess._handle.onexit (internal/child_process.js:226:5)
15 verbose pkgid itcast@1.0.0
16 verbose cwd G:\我的\笔记\流行框架\Vue\day05\itcast
17 error Windows_NT 10.0.14393
18 error argv "C:\\Program Files\\nodejs\\node.exe" "C:\\Program Files\\nodejs\\node_modules\\npm\\bin\\npm-cli.js" "run" "dev"
19 error node v6.10.1
20 error npm  v3.10.10
21 error code ELIFECYCLE
22 error itcast@1.0.0 dev: `webpack-dev-server --inline --hot --open --port 5008`
22 error Exit status 3221225786
23 error Failed at the itcast@1.0.0 dev script 'webpack-dev-server --inline --hot --open --port 5008'.
23 error Make sure you have the latest version of node.js and npm installed.
23 error If you do, this is most likely a problem with the itcast package,
23 error not with npm itself.
23 error Tell the author that this fails on your system:
23 error     webpack-dev-server --inline --hot --open --port 5008
23 error You can get information on how to open an issue for this project with:
23 error     npm bugs itcast
23 error Or if that isn't available, you can get their info via:
23 error     npm owner ls itcast
23 error There is likely additional logging output above.
24 verbose exit [ 1, true ]
